2020-09-10 14:54:37,386 INFO o.a.j.u.JMeterUtils: Setting Locale to en_EN
2020-09-10 14:54:37,433 INFO o.a.j.JMeter: Loading user properties from: /usr/local/Cellar/jmeter/5.1.1/libexec/bin/user.properties
2020-09-10 14:54:37,435 INFO o.a.j.JMeter: Loading system properties from: /usr/local/Cellar/jmeter/5.1.1/libexec/bin/system.properties
2020-09-10 14:54:37,441 INFO o.a.j.JMeter: Copyright (c) 1998-2019 The Apache Software Foundation
2020-09-10 14:54:37,441 INFO o.a.j.JMeter: Version 5.1.1 r1855137
2020-09-10 14:54:37,441 INFO o.a.j.JMeter: java.version=11.0.7
2020-09-10 14:54:37,441 INFO o.a.j.JMeter: java.vm.name=OpenJDK 64-Bit Server VM
2020-09-10 14:54:37,441 INFO o.a.j.JMeter: os.name=Mac OS X
2020-09-10 14:54:37,442 INFO o.a.j.JMeter: os.arch=x86_64
2020-09-10 14:54:37,442 INFO o.a.j.JMeter: os.version=10.14.6
2020-09-10 14:54:37,442 INFO o.a.j.JMeter: file.encoding=UTF-8
2020-09-10 14:54:37,442 INFO o.a.j.JMeter: java.awt.headless=null
2020-09-10 14:54:37,442 INFO o.a.j.JMeter: Max memory     =1073741824
2020-09-10 14:54:37,442 INFO o.a.j.JMeter: Available Processors =12
2020-09-10 14:54:37,452 INFO o.a.j.JMeter: Default Locale=English (EN)
2020-09-10 14:54:37,452 INFO o.a.j.JMeter: JMeter  Locale=English (EN)
2020-09-10 14:54:37,452 INFO o.a.j.JMeter: JMeterHome=/usr/local/Cellar/jmeter/5.1.1/libexec
2020-09-10 14:54:37,453 INFO o.a.j.JMeter: user.dir  =/Users/erfinfeluzy/Downloads/sb-mssql
2020-09-10 14:54:37,453 INFO o.a.j.JMeter: PWD       =/Users/erfinfeluzy/Downloads/sb-mssql
2020-09-10 14:54:37,473 INFO o.a.j.JMeter: IP: 192.168.0.25 Name: efeluzys-MacBook-Pro FullName: 192.168.0.25
2020-09-10 14:54:39,474 INFO o.a.j.g.a.LookAndFeelCommand: Installing Darcula LAF
2020-09-10 14:54:39,480 INFO o.a.j.g.a.LookAndFeelCommand: Using look and feel: javax.swing.plaf.metal.MetalLookAndFeel [Darcula]
2020-09-10 14:54:39,480 INFO o.a.j.JMeter: Setting LAF to: javax.swing.plaf.metal.MetalLookAndFeel
2020-09-10 14:54:39,493 INFO o.a.j.JMeter: Loaded icon properties from org/apache/jmeter/images/icon.properties
2020-09-10 14:54:40,542 INFO k.a.j.JMeterPluginsUtils: JMeter-Plugins.org v.1.4.0
2020-09-10 14:54:41,039 WARN o.a.j.g.u.MenuFactory: Could not instantiate class: kg.apc.jmeter.reporters.LoadosophiaUploaderGui
java.lang.reflect.InvocationTargetException: null
	at jdk.internal.reflect.NativeConstructorAccessorImpl.newInstance0(Native Method) ~[?:?]
	at jdk.internal.reflect.NativeConstructorAccessorImpl.newInstance(NativeConstructorAccessorImpl.java:62) ~[?:?]
	at jdk.internal.reflect.DelegatingConstructorAccessorImpl.newInstance(DelegatingConstructorAccessorImpl.java:45) ~[?:?]
	at java.lang.reflect.Constructor.newInstance(Constructor.java:490) ~[?:?]
	at org.apache.jmeter.gui.util.MenuFactory.getGUIComponent(MenuFactory.java:174) [ApacheJMeter_core.jar:5.1.1 r1855137]
	at org.apache.jmeter.gui.util.MenuFactory.initializeMenus(MenuFactory.java:141) [ApacheJMeter_core.jar:5.1.1 r1855137]
	at org.apache.jmeter.gui.util.MenuFactory.<clinit>(MenuFactory.java:106) [ApacheJMeter_core.jar:5.1.1 r1855137]
	at org.apache.jmeter.control.gui.TestPlanGui.createPopupMenu(TestPlanGui.java:92) [ApacheJMeter_core.jar:5.1.1 r1855137]
	at org.apache.jmeter.gui.tree.JMeterTreeNode.createPopupMenu(JMeterTreeNode.java:185) [ApacheJMeter_core.jar:5.1.1 r1855137]
	at org.apache.jmeter.gui.action.EditCommand.doAction(EditCommand.java:46) [ApacheJMeter_core.jar:5.1.1 r1855137]
	at org.apache.jmeter.gui.action.ActionRouter.performAction(ActionRouter.java:88) [ApacheJMeter_core.jar:5.1.1 r1855137]
	at org.apache.jmeter.gui.action.ActionRouter.lambda$actionPerformed$0(ActionRouter.java:70) [ApacheJMeter_core.jar:5.1.1 r1855137]
	at java.awt.event.InvocationEvent.dispatch(InvocationEvent.java:313) [?:?]
	at java.awt.EventQueue.dispatchEventImpl(EventQueue.java:770) [?:?]
	at java.awt.EventQueue$4.run(EventQueue.java:721) [?:?]
	at java.awt.EventQueue$4.run(EventQueue.java:715) [?:?]
	at java.security.AccessController.doPrivileged(Native Method) [?:?]
	at java.security.ProtectionDomain$JavaSecurityAccessImpl.doIntersectionPrivilege(ProtectionDomain.java:85) [?:?]
	at java.awt.EventQueue.dispatchEvent(EventQueue.java:740) [?:?]
	at java.awt.EventDispatchThread.pumpOneEventForFilters(EventDispatchThread.java:203) [?:?]
	at java.awt.EventDispatchThread.pumpEventsForFilter(EventDispatchThread.java:124) [?:?]
	at java.awt.EventDispatchThread.pumpEventsForHierarchy(EventDispatchThread.java:113) [?:?]
	at java.awt.EventDispatchThread.pumpEvents(EventDispatchThread.java:109) [?:?]
	at java.awt.EventDispatchThread.pumpEvents(EventDispatchThread.java:101) [?:?]
	at java.awt.EventDispatchThread.run(EventDispatchThread.java:90) [?:?]
Caused by: java.lang.NoClassDefFoundError: org/apache/commons/httpclient/methods/multipart/PartSource
	at kg.apc.jmeter.reporters.LoadosophiaUploaderGui.init(LoadosophiaUploaderGui.java:114) ~[JMeterPlugins-Standard.jar:?]
	at kg.apc.jmeter.reporters.LoadosophiaUploaderGui.<init>(LoadosophiaUploaderGui.java:28) ~[JMeterPlugins-Standard.jar:?]
	... 25 more
Caused by: java.lang.ClassNotFoundException: org.apache.commons.httpclient.methods.multipart.PartSource
	at java.net.URLClassLoader.findClass(URLClassLoader.java:471) ~[?:?]
	at java.lang.ClassLoader.loadClass(ClassLoader.java:589) ~[?:?]
	at java.lang.ClassLoader.loadClass(ClassLoader.java:522) ~[?:?]
	at kg.apc.jmeter.reporters.LoadosophiaUploaderGui.init(LoadosophiaUploaderGui.java:114) ~[JMeterPlugins-Standard.jar:?]
	at kg.apc.jmeter.reporters.LoadosophiaUploaderGui.<init>(LoadosophiaUploaderGui.java:28) ~[JMeterPlugins-Standard.jar:?]
	... 25 more
2020-09-10 14:54:41,522 INFO o.a.j.p.h.s.HTTPSamplerBase: Parser for text/html is org.apache.jmeter.protocol.http.parser.LagartoBasedHtmlParser
2020-09-10 14:54:41,522 INFO o.a.j.p.h.s.HTTPSamplerBase: Parser for application/xhtml+xml is org.apache.jmeter.protocol.http.parser.LagartoBasedHtmlParser
2020-09-10 14:54:41,522 INFO o.a.j.p.h.s.HTTPSamplerBase: Parser for application/xml is org.apache.jmeter.protocol.http.parser.LagartoBasedHtmlParser
2020-09-10 14:54:41,523 INFO o.a.j.p.h.s.HTTPSamplerBase: Parser for text/xml is org.apache.jmeter.protocol.http.parser.LagartoBasedHtmlParser
2020-09-10 14:54:41,523 INFO o.a.j.p.h.s.HTTPSamplerBase: Parser for text/vnd.wap.wml is org.apache.jmeter.protocol.http.parser.RegexpHTMLParser
2020-09-10 14:54:41,523 INFO o.a.j.p.h.s.HTTPSamplerBase: Parser for text/css is org.apache.jmeter.protocol.http.parser.CssParser
2020-09-10 14:54:41,896 INFO o.a.j.e.KeyToolUtils: keytool found at 'keytool'
2020-09-10 14:54:41,896 INFO o.a.j.p.h.p.ProxyControl: HTTP(S) Test Script Recorder SSL Proxy will use keys that support embedded 3rd party resources in file /usr/local/Cellar/jmeter/5.1.1/libexec/bin/proxyserver.jks
2020-09-10 14:54:42,001 INFO o.a.j.s.FileServer: Default base='/Users/erfinfeluzy/Downloads/sb-mssql'
